{"level":"debug","message":"__doreq: reqname: SAVESEARCHOPTIONS, method: PUT, uri: /v1/config/query/actor-genre-year","timestamp":"2015-12-11T12:44:39.056Z"}
{"level":"debug","message":"__doreq: reqname: SAVESEARCHOPTIONS, method: PUT, uri: /v1/config/query/gcsco","timestamp":"2015-12-11T12:44:39.060Z"}
{"level":"debug","message":"__doreq: reqname: SAVESEARCHOPTIONS, method: PUT, uri: /v1/config/query/gcs","timestamp":"2015-12-11T12:44:39.061Z"}
{"level":"debug","message":"__doreq: reqname: SAVESEARCHOPTIONS, method: PUT, uri: /v1/config/query/alltest","timestamp":"2015-12-11T12:44:39.061Z"}
{"level":"debug","message":"__doreq: reqname: SAVESEARCHOPTIONS, method: PUT, uri: /v1/config/query/all","timestamp":"2015-12-11T12:44:39.061Z"}
{"level":"debug","message":"__doreq: reqname: SAVESEARCHOPTIONS, method: PUT, uri: /v1/config/query/animals","timestamp":"2015-12-11T12:44:39.061Z"}
{"level":"debug","message":"__doreq: reqname: SAVESEARCHOPTIONS, method: PUT, uri: /v1/config/query/jointdemo","timestamp":"2015-12-11T12:44:39.061Z"}
{"level":"debug","message":"__doreq: reqname: SAVESEARCHOPTIONS, method: PUT, uri: /v1/config/query/author-topic","timestamp":"2015-12-11T12:44:39.061Z"}
{"level":"debug","message":"__doreq: reqname: SAVESEARCHOPTIONS, method: PUT, uri: /v1/config/query/backup-all","timestamp":"2015-12-11T12:44:39.063Z"}
{"level":"debug","message":"__doreq: reqname: SAVESEARCHOPTIONS, method: PUT, uri: /v1/config/query/olddashboard","timestamp":"2015-12-11T12:44:39.063Z"}
{"level":"debug","message":"__doreq: reqname: SAVESEARCHOPTIONS, method: PUT, uri: /v1/config/query/temperatures","timestamp":"2015-12-11T12:44:39.063Z"}
{"level":"debug","message":"__doreq: reqname: SAVESEARCHOPTIONS, method: PUT, uri: /v1/config/query/gcs","timestamp":"2015-12-11T12:49:39.985Z"}
{"level":"debug","message":"__doreq: reqname: SAVESEARCHOPTIONS, method: PUT, uri: /v1/config/query/all","timestamp":"2015-12-11T12:49:39.989Z"}
{"level":"debug","message":"__doreq: reqname: SAVESEARCHOPTIONS, method: PUT, uri: /v1/config/query/actor-genre-year","timestamp":"2015-12-11T12:49:39.990Z"}
{"level":"debug","message":"__doreq: reqname: SAVESEARCHOPTIONS, method: PUT, uri: /v1/config/query/alltest","timestamp":"2015-12-11T12:49:39.990Z"}
{"level":"debug","message":"__doreq: reqname: SAVESEARCHOPTIONS, method: PUT, uri: /v1/config/query/gcsco","timestamp":"2015-12-11T12:49:39.990Z"}
{"level":"debug","message":"__doreq: reqname: SAVESEARCHOPTIONS, method: PUT, uri: /v1/config/query/animals","timestamp":"2015-12-11T12:49:39.990Z"}
{"level":"debug","message":"__doreq: reqname: SAVESEARCHOPTIONS, method: PUT, uri: /v1/config/query/jointdemo","timestamp":"2015-12-11T12:49:39.990Z"}
{"level":"debug","message":"__doreq: reqname: SAVESEARCHOPTIONS, method: PUT, uri: /v1/config/query/author-topic","timestamp":"2015-12-11T12:49:39.990Z"}
{"level":"debug","message":"__doreq: reqname: SAVESEARCHOPTIONS, method: PUT, uri: /v1/config/query/olddashboard","timestamp":"2015-12-11T12:49:39.992Z"}
{"level":"debug","message":"__doreq: reqname: SAVESEARCHOPTIONS, method: PUT, uri: /v1/config/query/backup-all","timestamp":"2015-12-11T12:49:39.992Z"}
{"level":"debug","message":"__doreq: reqname: SAVESEARCHOPTIONS, method: PUT, uri: /v1/config/query/temperatures","timestamp":"2015-12-11T12:49:39.992Z"}
{"level":"debug","message":"__doreq: reqname: SAVESEARCHOPTIONS, method: PUT, uri: /v1/config/query/actor-genre-year","timestamp":"2015-12-11T13:48:28.778Z"}
{"level":"debug","message":"__doreq: reqname: SAVESEARCHOPTIONS, method: PUT, uri: /v1/config/query/all","timestamp":"2015-12-11T13:48:28.782Z"}
{"level":"debug","message":"__doreq: reqname: SAVESEARCHOPTIONS, method: PUT, uri: /v1/config/query/alltest","timestamp":"2015-12-11T13:48:28.783Z"}
{"level":"debug","message":"__doreq: reqname: SAVESEARCHOPTIONS, method: PUT, uri: /v1/config/query/gcs","timestamp":"2015-12-11T13:48:28.783Z"}
{"level":"debug","message":"__doreq: reqname: SAVESEARCHOPTIONS, method: PUT, uri: /v1/config/query/gcsco","timestamp":"2015-12-11T13:48:28.783Z"}
{"level":"debug","message":"__doreq: reqname: SAVESEARCHOPTIONS, method: PUT, uri: /v1/config/query/gcsraw","timestamp":"2015-12-11T13:48:28.783Z"}
{"level":"debug","message":"__doreq: reqname: SAVESEARCHOPTIONS, method: PUT, uri: /v1/config/query/jointdemo","timestamp":"2015-12-11T13:48:28.783Z"}
{"level":"debug","message":"__doreq: reqname: SAVESEARCHOPTIONS, method: PUT, uri: /v1/config/query/olddashboard","timestamp":"2015-12-11T13:48:28.784Z"}
{"level":"debug","message":"__doreq: reqname: SAVESEARCHOPTIONS, method: PUT, uri: /v1/config/query/temperatures","timestamp":"2015-12-11T13:48:28.784Z"}
{"level":"debug","message":"__doreq: reqname: SAVESEARCHOPTIONS, method: PUT, uri: /v1/config/query/author-topic","timestamp":"2015-12-11T13:48:28.786Z"}
{"level":"debug","message":"__doreq: reqname: SAVESEARCHOPTIONS, method: PUT, uri: /v1/config/query/backup-all","timestamp":"2015-12-11T13:48:28.786Z"}
{"level":"debug","message":"__doreq: reqname: SAVESEARCHOPTIONS, method: PUT, uri: /v1/config/query/animals","timestamp":"2015-12-11T13:48:28.786Z"}
{"level":"error","message":"SAVESEARCHOPTIONS error: ","timestamp":"2015-12-11T13:48:29.549Z"}
{"level":"debug","message":"__doreq: reqname: SAVESEARCHOPTIONS, method: PUT, uri: /v1/config/query/actor-genre-year","timestamp":"2015-12-11T13:50:59.477Z"}
{"level":"debug","message":"__doreq: reqname: SAVESEARCHOPTIONS, method: PUT, uri: /v1/config/query/all","timestamp":"2015-12-11T13:50:59.481Z"}
{"level":"debug","message":"__doreq: reqname: SAVESEARCHOPTIONS, method: PUT, uri: /v1/config/query/alltest","timestamp":"2015-12-11T13:50:59.482Z"}
{"level":"debug","message":"__doreq: reqname: SAVESEARCHOPTIONS, method: PUT, uri: /v1/config/query/animals","timestamp":"2015-12-11T13:50:59.482Z"}
{"level":"debug","message":"__doreq: reqname: SAVESEARCHOPTIONS, method: PUT, uri: /v1/config/query/author-topic","timestamp":"2015-12-11T13:50:59.482Z"}
{"level":"debug","message":"__doreq: reqname: SAVESEARCHOPTIONS, method: PUT, uri: /v1/config/query/backup-all","timestamp":"2015-12-11T13:50:59.482Z"}
{"level":"debug","message":"__doreq: reqname: SAVESEARCHOPTIONS, method: PUT, uri: /v1/config/query/gcs","timestamp":"2015-12-11T13:50:59.482Z"}
{"level":"debug","message":"__doreq: reqname: SAVESEARCHOPTIONS, method: PUT, uri: /v1/config/query/gcsraw","timestamp":"2015-12-11T13:50:59.483Z"}
{"level":"debug","message":"__doreq: reqname: SAVESEARCHOPTIONS, method: PUT, uri: /v1/config/query/gcsco","timestamp":"2015-12-11T13:50:59.483Z"}
{"level":"debug","message":"__doreq: reqname: SAVESEARCHOPTIONS, method: PUT, uri: /v1/config/query/olddashboard","timestamp":"2015-12-11T13:50:59.483Z"}
{"level":"debug","message":"__doreq: reqname: SAVESEARCHOPTIONS, method: PUT, uri: /v1/config/query/jointdemo","timestamp":"2015-12-11T13:50:59.483Z"}
{"level":"debug","message":"__doreq: reqname: SAVESEARCHOPTIONS, method: PUT, uri: /v1/config/query/temperatures","timestamp":"2015-12-11T13:50:59.483Z"}
{"level":"debug","message":"__doreq: reqname: SAVESEARCHOPTIONS, method: PUT, uri: /v1/config/query/actor-genre-year","timestamp":"2015-12-11T14:24:03.210Z"}
{"level":"debug","message":"__doreq: reqname: SAVESEARCHOPTIONS, method: PUT, uri: /v1/config/query/all","timestamp":"2015-12-11T14:24:03.214Z"}
{"level":"debug","message":"__doreq: reqname: SAVESEARCHOPTIONS, method: PUT, uri: /v1/config/query/alltest","timestamp":"2015-12-11T14:24:03.214Z"}
{"level":"debug","message":"__doreq: reqname: SAVESEARCHOPTIONS, method: PUT, uri: /v1/config/query/animals","timestamp":"2015-12-11T14:24:03.215Z"}
{"level":"debug","message":"__doreq: reqname: SAVESEARCHOPTIONS, method: PUT, uri: /v1/config/query/author-topic","timestamp":"2015-12-11T14:24:03.215Z"}
{"level":"debug","message":"__doreq: reqname: SAVESEARCHOPTIONS, method: PUT, uri: /v1/config/query/backup-all","timestamp":"2015-12-11T14:24:03.215Z"}
{"level":"debug","message":"__doreq: reqname: SAVESEARCHOPTIONS, method: PUT, uri: /v1/config/query/gcs","timestamp":"2015-12-11T14:24:03.215Z"}
{"level":"debug","message":"__doreq: reqname: SAVESEARCHOPTIONS, method: PUT, uri: /v1/config/query/gcsraw","timestamp":"2015-12-11T14:24:03.215Z"}
{"level":"debug","message":"__doreq: reqname: SAVESEARCHOPTIONS, method: PUT, uri: /v1/config/query/gcsco","timestamp":"2015-12-11T14:24:03.215Z"}
{"level":"debug","message":"__doreq: reqname: SAVESEARCHOPTIONS, method: PUT, uri: /v1/config/query/jointdemo","timestamp":"2015-12-11T14:24:03.215Z"}
{"level":"debug","message":"__doreq: reqname: SAVESEARCHOPTIONS, method: PUT, uri: /v1/config/query/olddashboard","timestamp":"2015-12-11T14:24:03.215Z"}
{"level":"debug","message":"__doreq: reqname: SAVESEARCHOPTIONS, method: PUT, uri: /v1/config/query/temperatures","timestamp":"2015-12-11T14:24:03.215Z"}
{"level":"debug","message":"__doreq: reqname: SAVESEARCHOPTIONS, method: PUT, uri: /v1/config/query/somejsonraw","timestamp":"2015-12-11T14:24:03.216Z"}
{"level":"debug","message":"__doreq: reqname: SAVESEARCHOPTIONS, method: PUT, uri: /v1/config/query/actor-genre-year","timestamp":"2015-12-11T14:31:34.245Z"}
{"level":"debug","message":"__doreq: reqname: SAVESEARCHOPTIONS, method: PUT, uri: /v1/config/query/alltest","timestamp":"2015-12-11T14:31:34.249Z"}
{"level":"debug","message":"__doreq: reqname: SAVESEARCHOPTIONS, method: PUT, uri: /v1/config/query/all","timestamp":"2015-12-11T14:31:34.250Z"}
{"level":"debug","message":"__doreq: reqname: SAVESEARCHOPTIONS, method: PUT, uri: /v1/config/query/author-topic","timestamp":"2015-12-11T14:31:34.250Z"}
{"level":"debug","message":"__doreq: reqname: SAVESEARCHOPTIONS, method: PUT, uri: /v1/config/query/gcs","timestamp":"2015-12-11T14:31:34.250Z"}
{"level":"debug","message":"__doreq: reqname: SAVESEARCHOPTIONS, method: PUT, uri: /v1/config/query/animals","timestamp":"2015-12-11T14:31:34.251Z"}
{"level":"debug","message":"__doreq: reqname: SAVESEARCHOPTIONS, method: PUT, uri: /v1/config/query/gcsco","timestamp":"2015-12-11T14:31:34.251Z"}
{"level":"debug","message":"__doreq: reqname: SAVESEARCHOPTIONS, method: PUT, uri: /v1/config/query/backup-all","timestamp":"2015-12-11T14:31:34.251Z"}
{"level":"debug","message":"__doreq: reqname: SAVESEARCHOPTIONS, method: PUT, uri: /v1/config/query/jointdemo","timestamp":"2015-12-11T14:31:34.251Z"}
{"level":"debug","message":"__doreq: reqname: SAVESEARCHOPTIONS, method: PUT, uri: /v1/config/query/gcsraw","timestamp":"2015-12-11T14:31:34.251Z"}
{"level":"debug","message":"__doreq: reqname: SAVESEARCHOPTIONS, method: PUT, uri: /v1/config/query/olddashboard","timestamp":"2015-12-11T14:31:34.251Z"}
{"level":"debug","message":"__doreq: reqname: SAVESEARCHOPTIONS, method: PUT, uri: /v1/config/query/temperatures","timestamp":"2015-12-11T14:31:34.251Z"}
{"level":"debug","message":"__doreq: reqname: SAVESEARCHOPTIONS, method: PUT, uri: /v1/config/query/gcsconstraints","timestamp":"2015-12-11T14:31:34.251Z"}
{"level":"debug","message":"__doreq: reqname: SAVESEARCHOPTIONS, method: PUT, uri: /v1/config/query/somejsonraw","timestamp":"2015-12-11T14:31:34.251Z"}
